<?xml version="1.0" encoding="UTF-8"?>
<!-- Generated by org.testng.reporters.JUnitReportReporter -->
<testsuite hostname="DESKTOP-348T0TS" failures="0" tests="3" name="testCases.TC1" time="10.822" errors="0" timestamp="2022-04-07T15:06:34 EDT" skipped="0">
  <testcase classname="testCases.TC1" name="setup" time="9.043"/>
  <system-out/>
  <testcase classname="testCases.TC1" name="clickonsignin" time="0.189"/>
  <system-out/>
  <testcase classname="testCases.TC1" name="formFill" time="1.590"/>
  <system-out/>
</testsuite> <!-- testCases.TC1 -->
