<?xml version="1.0" encoding="UTF-8"?>
<!-- Generated by org.testng.reporters.JUnitReportReporter -->
<testsuite hostname="DESKTOP-348T0TS" failures="0" tests="3" name="testCases.TC1" time="14.849" errors="0" timestamp="2022-04-12T22:37:24 EDT" skipped="0">
  <testcase classname="testCases.TC1" name="setup" time="12.934"/>
  <system-out/>
  <testcase classname="testCases.TC1" name="clickonsignin" time="0.173"/>
  <system-out/>
  <testcase classname="testCases.TC1" name="formFill" time="1.742"/>
  <system-out/>
</testsuite> <!-- testCases.TC1 -->
