<?xml version="1.0" encoding="UTF-8"?>
<!-- Generated by org.testng.reporters.JUnitReportReporter -->
<testsuite hostname="DESKTOP-348T0TS" failures="0" tests="3" name="testCases.TC1" time="9.996" errors="0" timestamp="2022-03-21T18:20:10 EDT" skipped="0">
  <testcase classname="testCases.TC1" name="setup" time="6.817"/>
  <system-out/>
  <testcase classname="testCases.TC1" name="clickonsignin" time="0.165"/>
  <system-out/>
  <testcase classname="testCases.TC1" name="formFill" time="3.014"/>
  <system-out/>
</testsuite> <!-- testCases.TC1 -->
