<?xml version="1.0" encoding="UTF-8"?>
<!-- Generated by org.testng.reporters.JUnitReportReporter -->
<testsuite hostname="DESKTOP-348T0TS" failures="0" tests="2" name="sample.Samp3" time="0.013" errors="0" timestamp="2021-03-25T12:07:13 EDT" skipped="1">
  <testcase classname="sample.Samp3" name="testB" time="0.013"/>
  <system-out/>
  <testcase classname="sample.Samp3" name="testC">
    <skipped/>
  </testcase> <!-- testC -->
  <system-out/>
</testsuite> <!-- sample.Samp3 -->
