<?xml version="1.0" encoding="UTF-8"?>
<!-- Generated by org.testng.reporters.JUnitReportReporter -->
<testsuite hostname="DESKTOP-348T0TS" failures="0" tests="3" name="sample.Samp1" time="0.016" errors="0" timestamp="2021-03-25T11:45:59 EDT" skipped="0">
  <testcase classname="sample.Samp1" name="testC" time="0.002"/>
  <system-out/>
  <testcase classname="sample.Samp1" name="testB" time="0.002"/>
  <system-out/>
  <testcase classname="sample.Samp1" name="testA" time="0.012"/>
  <system-out/>
</testsuite> <!-- sample.Samp1 -->
