<?xml version="1.0" encoding="UTF-8"?>
<!-- Generated by org.testng.reporters.JUnitReportReporter -->
<testsuite hostname="DESKTOP-348T0TS" failures="0" tests="1" name="sample.Samp5" time="0.003" errors="0" timestamp="2021-03-25T12:07:13 EDT" skipped="0">
  <testcase classname="sample.Samp5" name="testC" time="0.003"/>
  <system-out/>
</testsuite> <!-- sample.Samp5 -->
